000 (4986.000.000) 01/09 13:22:14 Job submitted from host: <192.168.1.80:9618?addrs=192.168.1.80-9618&noUDP&sock=180308_de7d_4>
...
001 (4986.000.000) 01/09 13:22:16 Job executing on host: <192.168.1.86:9618?addrs=192.168.1.86-9618+[--1]-9618&noUDP&sock=28717_0d49_3>
...
006 (4986.000.000) 01/09 13:22:18 Image size of job updated: 5000
	1  -  MemoryUsage of job (MB)
	136  -  ResidentSetSize of job (KB)
...
005 (4986.000.000) 01/09 13:22:18 Job terminated.
	(1) Normal termination (return value 0)
		Usr 0 00:00:01, Sys 0 00:00:00  -  Run Remote Usage
		Usr 0 00:00:00, Sys 0 00:00:00  -  Run Local Usage
		Usr 0 00:00:01, Sys 0 00:00:00  -  Total Remote Usage
		Usr 0 00:00:00, Sys 0 00:00:00  -  Total Local Usage
	260  -  Run Bytes Sent By Job
	4877888  -  Run Bytes Received By Job
	260  -  Total Bytes Sent By Job
	4877888  -  Total Bytes Received By Job
	Partitionable Resources :    Usage  Request Allocated
	   Cpus                 :                 1         1
	   Disk (KB)            :     5000     5000     35852
	   Gpus                 :                 1         4
	   Memory (MB)          :        1        5         5
...
000 (4987.000.000) 01/09 13:26:08 Job submitted from host: <192.168.1.80:9618?addrs=192.168.1.80-9618&noUDP&sock=180308_de7d_4>
...
001 (4987.000.000) 01/09 13:26:09 Job executing on host: <192.168.1.86:9618?addrs=192.168.1.86-9618+[--1]-9618&noUDP&sock=28717_0d49_3>
...
006 (4987.000.000) 01/09 13:26:18 Image size of job updated: 114428
	112  -  MemoryUsage of job (MB)
	114428  -  ResidentSetSize of job (KB)
...
004 (4987.000.000) 01/09 13:31:25 Job was evicted.
	(0) Job was not checkpointed.
		Usr 0 00:01:54, Sys 0 00:00:03  -  Run Remote Usage
		Usr 0 00:00:00, Sys 0 00:00:00  -  Run Local Usage
	0  -  Run Bytes Sent By Job
	4877888  -  Run Bytes Received By Job
	Partitionable Resources :    Usage  Request Allocated
	   Cpus                 :                 1         1
	   Disk (KB)            :     5000     5000     35852
	   Gpus                 :                 1         4
	   Memory (MB)          :      112        5         5
...
009 (4987.000.000) 01/09 13:31:25 Job was aborted by the user.
	via condor_rm (by user jahnke)
...
000 (4988.000.000) 01/09 13:33:10 Job submitted from host: <192.168.1.80:9618?addrs=192.168.1.80-9618&noUDP&sock=180308_de7d_4>
...
001 (4988.000.000) 01/09 13:33:29 Job executing on host: <192.168.1.86:9618?addrs=192.168.1.86-9618+[--1]-9618&noUDP&sock=28717_0d49_3>
...
006 (4988.000.000) 01/09 13:33:38 Image size of job updated: 119692
	117  -  MemoryUsage of job (MB)
	119692  -  ResidentSetSize of job (KB)
...
006 (4988.000.000) 01/09 13:36:54 Image size of job updated: 2059612
	117  -  MemoryUsage of job (MB)
	119692  -  ResidentSetSize of job (KB)
...
004 (4988.000.000) 01/09 13:36:54 Job was evicted.
	(0) Job was not checkpointed.
		Usr 0 00:03:17, Sys 0 00:00:07  -  Run Remote Usage
		Usr 0 00:00:00, Sys 0 00:00:00  -  Run Local Usage
	0  -  Run Bytes Sent By Job
	4877888  -  Run Bytes Received By Job
	Partitionable Resources :    Usage  Request Allocated
	   Cpus                 :                 1         1
	   Disk (KB)            :     5024     5000     35852
	   Gpus                 :                 1         4
	   Memory (MB)          :      117        5         5
...
009 (4988.000.000) 01/09 13:36:54 Job was aborted by the user.
	via condor_rm (by user jahnke)
...
000 (5002.000.000) 01/09 14:57:00 Job submitted from host: <192.168.1.80:9618?addrs=192.168.1.80-9618&noUDP&sock=180308_de7d_4>
...
001 (5002.000.000) 01/09 14:57:01 Job executing on host: <192.168.1.84:9618?addrs=192.168.1.84-9618+[--1]-9618&noUDP&sock=16265_03ff_3>
...
006 (5002.000.000) 01/09 14:57:10 Image size of job updated: 212196
	108  -  MemoryUsage of job (MB)
	110292  -  ResidentSetSize of job (KB)
...
006 (5002.000.000) 01/09 15:05:05 Image size of job updated: 2120872
	108  -  MemoryUsage of job (MB)
	110292  -  ResidentSetSize of job (KB)
...
004 (5002.000.000) 01/09 15:05:05 Job was evicted.
	(0) Job was not checkpointed.
		Usr 0 00:04:00, Sys 0 00:00:10  -  Run Remote Usage
		Usr 0 00:00:00, Sys 0 00:00:00  -  Run Local Usage
	0  -  Run Bytes Sent By Job
	4877888  -  Run Bytes Received By Job
	Partitionable Resources :    Usage  Request Allocated
	   Cpus                 :                 1         1
	   Disk (KB)            :     5086     5000     65031
	   Gpus                 :                 1         4
	   Memory (MB)          :      108        5         5
...
009 (5002.000.000) 01/09 15:05:05 Job was aborted by the user.
	via condor_rm (by user jahnke)
...
000 (5006.000.000) 01/09 15:27:40 Job submitted from host: <192.168.1.80:9618?addrs=192.168.1.80-9618&noUDP&sock=180308_de7d_4>
...
001 (5006.000.000) 01/09 15:27:42 Job executing on host: <192.168.1.84:9618?addrs=192.168.1.84-9618+[--1]-9618&noUDP&sock=16265_03ff_3>
...
006 (5006.000.000) 01/09 15:27:50 Image size of job updated: 221408
	114  -  MemoryUsage of job (MB)
	116468  -  ResidentSetSize of job (KB)
...
006 (5006.000.000) 01/09 15:31:49 Image size of job updated: 2405932
	114  -  MemoryUsage of job (MB)
	116468  -  ResidentSetSize of job (KB)
...
005 (5006.000.000) 01/09 15:31:49 Job terminated.
	(1) Normal termination (return value 0)
		Usr 0 00:03:58, Sys 0 00:00:08  -  Run Remote Usage
		Usr 0 00:00:00, Sys 0 00:00:00  -  Run Local Usage
		Usr 0 00:03:58, Sys 0 00:00:08  -  Total Remote Usage
		Usr 0 00:00:00, Sys 0 00:00:00  -  Total Local Usage
	416167  -  Run Bytes Sent By Job
	4877888  -  Run Bytes Received By Job
	416167  -  Total Bytes Sent By Job
	4877888  -  Total Bytes Received By Job
	Partitionable Resources :    Usage  Request Allocated
	   Cpus                 :                 1         1
	   Disk (KB)            :     5190     5000     65031
	   Gpus                 :                 1         4
	   Memory (MB)          :      114        5         5
...
000 (5066.000.000) 01/10 14:49:01 Job submitted from host: <192.168.1.80:9618?addrs=192.168.1.80-9618&noUDP&sock=180308_de7d_4>
...
001 (5066.000.000) 01/10 14:49:02 Job executing on host: <192.168.1.82:9618?addrs=192.168.1.82-9618+[--1]-9618&noUDP&sock=11210_b4c0_3>
...
006 (5066.000.000) 01/10 14:49:11 Image size of job updated: 134540
	117  -  MemoryUsage of job (MB)
	119624  -  ResidentSetSize of job (KB)
...
006 (5066.000.000) 01/10 14:53:29 Image size of job updated: 2088284
	117  -  MemoryUsage of job (MB)
	119624  -  ResidentSetSize of job (KB)
...
005 (5066.000.000) 01/10 14:53:29 Job terminated.
	(1) Normal termination (return value 0)
		Usr 0 00:04:04, Sys 0 00:00:09  -  Run Remote Usage
		Usr 0 00:00:00, Sys 0 00:00:00  -  Run Local Usage
		Usr 0 00:04:04, Sys 0 00:00:09  -  Total Remote Usage
		Usr 0 00:00:00, Sys 0 00:00:00  -  Total Local Usage
	416931  -  Run Bytes Sent By Job
	4877888  -  Run Bytes Received By Job
	416931  -  Total Bytes Sent By Job
	4877888  -  Total Bytes Received By Job
	Partitionable Resources :    Usage  Request Allocated
	   Cpus                 :                 1         1
	   Disk (KB)            :     5191     5000     81969
	   Gpus                 :                 1         3
	   Memory (MB)          :      117        5         5
...
